<?xml version="1.0" encoding="UTF-8"?>
<testsuite xmlns:xsi="http://www.w3.org/2001/XMLSchema-instance" xsi:noNamespaceSchemaLocation="https://maven.apache.org/surefire/maven-surefire-plugin/xsd/surefire-test-report.xsd" name="com.chatRobot.dao.IUserDaoTest" time="2.391" tests="1" errors="0" skipped="0" failures="0">
  <properties>
    <property name="sun.desktop" value="windows"/>
    <property name="awt.toolkit" value="sun.awt.windows.WToolkit"/>
    <property name="file.encoding.pkg" value="sun.io"/>
    <property name="java.specification.version" value="1.8"/>
    <property name="sun.cpu.isalist" value="amd64"/>
    <property name="sun.jnu.encoding" value="GBK"/>
    <property name="java.class.path" value="E:\ideaproject\selfssm\target\test-classes;E:\ideaproject\selfssm\target\classes;E:\Aenvironment\repo\m2\junit\junit\4.12\junit-4.12.jar;E:\Aenvironment\repo\m2\org\hamcrest\hamcrest-core\1.3\hamcrest-core-1.3.jar;E:\Aenvironment\repo\m2\javax\javaee-api\7.0\javaee-api-7.0.jar;E:\Aenvironment\repo\m2\com\sun\mail\javax.mail\1.5.0\javax.mail-1.5.0.jar;E:\Aenvironment\repo\m2\javax\activation\activation\1.1\activation-1.1.jar;E:\Aenvironment\repo\m2\ch\qos\logback\logback-classic\1.2.2\logback-classic-1.2.2.jar;E:\Aenvironment\repo\m2\ch\qos\logback\logback-core\1.2.2\logback-core-1.2.2.jar;E:\Aenvironment\repo\m2\org\slf4j\slf4j-api\1.7.25\slf4j-api-1.7.25.jar;E:\Aenvironment\repo\m2\com\fasterxml\jackson\core\jackson-databind\2.8.7\jackson-databind-2.8.7.jar;E:\Aenvironment\repo\m2\com\fasterxml\jackson\core\jackson-annotations\2.8.0\jackson-annotations-2.8.0.jar;E:\Aenvironment\repo\m2\com\fasterxml\jackson\core\jackson-core\2.8.7\jackson-core-2.8.7.jar;E:\Aenvironment\repo\m2\mysql\mysql-connector-java\5.1.41\mysql-connector-java-5.1.41.jar;E:\Aenvironment\repo\m2\c3p0\c3p0\0.9.1.2\c3p0-0.9.1.2.jar;E:\Aenvironment\repo\m2\org\mybatis\mybatis\3.4.1\mybatis-3.4.1.jar;E:\Aenvironment\repo\m2\org\mybatis\mybatis-spring\1.3.1\mybatis-spring-1.3.1.jar;E:\Aenvironment\repo\m2\org\springframework\spring-core\4.3.5.RELEASE\spring-core-4.3.5.RELEASE.jar;E:\Aenvironment\repo\m2\commons-logging\commons-logging\1.2\commons-logging-1.2.jar;E:\Aenvironment\repo\m2\org\springframework\spring-beans\4.3.5.RELEASE\spring-beans-4.3.5.RELEASE.jar;E:\Aenvironment\repo\m2\org\springframework\spring-context\4.3.5.RELEASE\spring-context-4.3.5.RELEASE.jar;E:\Aenvironment\repo\m2\org\springframework\spring-aop\4.3.5.RELEASE\spring-aop-4.3.5.RELEASE.jar;E:\Aenvironment\repo\m2\org\springframework\spring-expression\4.3.5.RELEASE\spring-expression-4.3.5.RELEASE.jar;E:\Aenvironment\repo\m2\org\springframework\spring-jdbc\4.3.5.RELEASE\spring-jdbc-4.3.5.RELEASE.jar;E:\Aenvironment\repo\m2\org\springframework\spring-tx\4.3.5.RELEASE\spring-tx-4.3.5.RELEASE.jar;E:\Aenvironment\repo\m2\org\springframework\spring-web\4.3.5.RELEASE\spring-web-4.3.5.RELEASE.jar;E:\Aenvironment\repo\m2\org\springframework\spring-webmvc\4.3.5.RELEASE\spring-webmvc-4.3.5.RELEASE.jar;E:\Aenvironment\repo\m2\org\springframework\spring-test\4.3.5.RELEASE\spring-test-4.3.5.RELEASE.jar;"/>
    <property name="java.vm.vendor" value="Oracle Corporation"/>
    <property name="sun.arch.data.model" value="64"/>
    <property name="user.variant" value=""/>
    <property name="java.vendor.url" value="http://java.oracle.com/"/>
    <property name="user.timezone" value="Asia/Shanghai"/>
    <property name="java.vm.specification.version" value="1.8"/>
    <property name="os.name" value="Windows 10"/>
    <property name="user.country" value="CN"/>
    <property name="sun.java.launcher" value="SUN_STANDARD"/>
    <property name="sun.boot.library.path" value="D:\JDK\8\jre\bin"/>
    <property name="sun.java.command" value="C:\Users\ADMINI~1\AppData\Local\Temp\surefire6255096849170074268\surefirebooter3541644360022618011.jar C:\Users\Administrator\AppData\Local\Temp\surefire6255096849170074268 2019-04-01T15-41-09_234-jvmRun1 surefire7129556727891237788tmp surefire_02895114596580513349tmp"/>
    <property name="surefire.test.class.path" value="E:\ideaproject\selfssm\target\test-classes;E:\ideaproject\selfssm\target\classes;E:\Aenvironment\repo\m2\junit\junit\4.12\junit-4.12.jar;E:\Aenvironment\repo\m2\org\hamcrest\hamcrest-core\1.3\hamcrest-core-1.3.jar;E:\Aenvironment\repo\m2\javax\javaee-api\7.0\javaee-api-7.0.jar;E:\Aenvironment\repo\m2\com\sun\mail\javax.mail\1.5.0\javax.mail-1.5.0.jar;E:\Aenvironment\repo\m2\javax\activation\activation\1.1\activation-1.1.jar;E:\Aenvironment\repo\m2\ch\qos\logback\logback-classic\1.2.2\logback-classic-1.2.2.jar;E:\Aenvironment\repo\m2\ch\qos\logback\logback-core\1.2.2\logback-core-1.2.2.jar;E:\Aenvironment\repo\m2\org\slf4j\slf4j-api\1.7.25\slf4j-api-1.7.25.jar;E:\Aenvironment\repo\m2\com\fasterxml\jackson\core\jackson-databind\2.8.7\jackson-databind-2.8.7.jar;E:\Aenvironment\repo\m2\com\fasterxml\jackson\core\jackson-annotations\2.8.0\jackson-annotations-2.8.0.jar;E:\Aenvironment\repo\m2\com\fasterxml\jackson\core\jackson-core\2.8.7\jackson-core-2.8.7.jar;E:\Aenvironment\repo\m2\mysql\mysql-connector-java\5.1.41\mysql-connector-java-5.1.41.jar;E:\Aenvironment\repo\m2\c3p0\c3p0\0.9.1.2\c3p0-0.9.1.2.jar;E:\Aenvironment\repo\m2\org\mybatis\mybatis\3.4.1\mybatis-3.4.1.jar;E:\Aenvironment\repo\m2\org\mybatis\mybatis-spring\1.3.1\mybatis-spring-1.3.1.jar;E:\Aenvironment\repo\m2\org\springframework\spring-core\4.3.5.RELEASE\spring-core-4.3.5.RELEASE.jar;E:\Aenvironment\repo\m2\commons-logging\commons-logging\1.2\commons-logging-1.2.jar;E:\Aenvironment\repo\m2\org\springframework\spring-beans\4.3.5.RELEASE\spring-beans-4.3.5.RELEASE.jar;E:\Aenvironment\repo\m2\org\springframework\spring-context\4.3.5.RELEASE\spring-context-4.3.5.RELEASE.jar;E:\Aenvironment\repo\m2\org\springframework\spring-aop\4.3.5.RELEASE\spring-aop-4.3.5.RELEASE.jar;E:\Aenvironment\repo\m2\org\springframework\spring-expression\4.3.5.RELEASE\spring-expression-4.3.5.RELEASE.jar;E:\Aenvironment\repo\m2\org\springframework\spring-jdbc\4.3.5.RELEASE\spring-jdbc-4.3.5.RELEASE.jar;E:\Aenvironment\repo\m2\org\springframework\spring-tx\4.3.5.RELEASE\spring-tx-4.3.5.RELEASE.jar;E:\Aenvironment\repo\m2\org\springframework\spring-web\4.3.5.RELEASE\spring-web-4.3.5.RELEASE.jar;E:\Aenvironment\repo\m2\org\springframework\spring-webmvc\4.3.5.RELEASE\spring-webmvc-4.3.5.RELEASE.jar;E:\Aenvironment\repo\m2\org\springframework\spring-test\4.3.5.RELEASE\spring-test-4.3.5.RELEASE.jar;"/>
    <property name="sun.cpu.endian" value="little"/>
    <property name="user.home" value="C:\Users\Administrator"/>
    <property name="user.language" value="zh"/>
    <property name="java.specification.vendor" value="Oracle Corporation"/>
    <property name="java.home" value="D:\JDK\8\jre"/>
    <property name="basedir" value="E:\ideaproject\selfssm"/>
    <property name="file.separator" value="\"/>
    <property name="line.separator" value="&#10;"/>
    <property name="java.vm.specification.vendor" value="Oracle Corporation"/>
    <property name="java.specification.name" value="Java Platform API Specification"/>
    <property name="java.awt.graphicsenv" value="sun.awt.Win32GraphicsEnvironment"/>
    <property name="surefire.real.class.path" value="C:\Users\ADMINI~1\AppData\Local\Temp\surefire6255096849170074268\surefirebooter3541644360022618011.jar"/>
    <property name="sun.boot.class.path" value="D:\JDK\8\jre\lib\resources.jar;D:\JDK\8\jre\lib\rt.jar;D:\JDK\8\jre\lib\sunrsasign.jar;D:\JDK\8\jre\lib\jsse.jar;D:\JDK\8\jre\lib\jce.jar;D:\JDK\8\jre\lib\charsets.jar;D:\JDK\8\jre\lib\jfr.jar;D:\JDK\8\jre\classes"/>
    <property name="user.script" value=""/>
    <property name="sun.management.compiler" value="HotSpot 64-Bit Tiered Compilers"/>
    <property name="java.runtime.version" value="1.8.0_162-b12"/>
    <property name="user.name" value="Administrator"/>
    <property name="path.separator" value=";"/>
    <property name="os.version" value="10.0"/>
    <property name="java.endorsed.dirs" value="D:\JDK\8\jre\lib\endorsed"/>
    <property name="java.runtime.name" value="Java(TM) SE Runtime Environment"/>
    <property name="file.encoding" value="GBK"/>
    <property name="java.vm.name" value="Java HotSpot(TM) 64-Bit Server VM"/>
    <property name="localRepository" value="E:\Aenvironment\repo\m2"/>
    <property name="java.vendor.url.bug" value="http://bugreport.sun.com/bugreport/"/>
    <property name="java.io.tmpdir" value="C:\Users\ADMINI~1\AppData\Local\Temp\"/>
    <property name="idea.version" value="2017.3.4"/>
    <property name="java.version" value="1.8.0_162"/>
    <property name="user.dir" value="E:\ideaproject\selfssm"/>
    <property name="os.arch" value="amd64"/>
    <property name="java.vm.specification.name" value="Java Virtual Machine Specification"/>
    <property name="java.awt.printerjob" value="sun.awt.windows.WPrinterJob"/>
    <property name="sun.os.patch.level" value=""/>
    <property name="java.library.path" value="D:\JDK\8\jre\bin;C:\WINDOWS\Sun\Java\bin;C:\WINDOWS\system32;C:\WINDOWS;E:\sky\xshell6\;E:\sky\oraclee\app\oracle\product\11.2.0\server\bin;&quot;C:\ProgramData\Oracle\Java\javapath;C:\Program Files\MYSQL\MYSQL Sever 5.7\bin&quot;;&quot;D:\JDK\8\bin;C:\ProgramData\Oracle\Java\javapath&quot;;C:\WINDOWS\system32;C:\WINDOWS;C:\WINDOWS\System32\Wbem;C:\WINDOWS\System32\WindowsPowerShell\v1.0\;C:\Program Files\dotnet\;C:\Program Files (x86)\Microsoft SQL Server\100\Tools\Binn\;C:\Program Files\Microsoft SQL Server\100\Tools\Binn\;C:\Program Files\Microsoft SQL Server\100\DTS\Binn\;C:\Program Files\Microsoft SQL Server\130\Tools\Binn\;E:\sky\MATLAB3\bin;D:\JDK\8\bin;E:\huohudownload\node-v8.11.3-win-x64\node-v8.11.3-win-x64;E:\software\node;E:\sky\maven\apache-maven-3.5.4\bin;E:\software\node\;D:\Program Files\Tomcat\bin;D:\Program Files\Oracle;E:\sky\tortoise\bin;E:\sky\git\Git\bin;E:\sky\pythonjieshiqi\Scripts\;E:\sky\pythonjieshiqi\;C:\Users\Administrator\AppData\Local\Microsoft\WindowsApps;E:\sky\vscode\Microsoft VS Code\bin;C:\Users\Administrator\AppData\Local\GitHubDesktop\bin;C:\Users\Administrator\AppData\Roaming\npm;E:\sky\bandizip\;E:\sky\AIDEA201835\IntelliJ IDEA 2018.3.5\bin;;."/>
    <property name="java.vm.info" value="mixed mode"/>
    <property name="java.vendor" value="Oracle Corporation"/>
    <property name="java.vm.version" value="25.162-b12"/>
    <property name="java.ext.dirs" value="D:\JDK\8\jre\lib\ext;C:\WINDOWS\Sun\Java\lib\ext"/>
    <property name="sun.io.unicode.encoding" value="UnicodeLittle"/>
    <property name="maven.repo.local" value="E:\Aenvironment\repo\m2"/>
    <property name="java.class.version" value="52.0"/>
  </properties>
  <testcase name="testSelectUser" classname="com.chatRobot.dao.IUserDaoTest" time="0.822"/>
</testsuite>